<?xml version="1.0" encoding="UTF-8"?>
<Site BuildName="(empty)"
	BuildStamp="20240928-0540-Experimental"
	Name="haiden-virtual-machine"
	Generator="ctest-3.5.1"
	CompilerName="/usr/bin/c++"
	CompilerVersion="5.4.0"
	OSName="Linux"
	Hostname="haiden-virtual-machine"
	OSRelease="4.15.0-142-generic"
	OSVersion="#146~16.04.1-Ubuntu SMP Tue Apr 13 09:27:15 UTC 2021"
	OSPlatform="x86_64"
	Is64Bits="1"
	VendorString="AuthenticAMD"
	VendorID="Advanced Micro Devices"
	FamilyID="25"
	ModelID="68"
	ProcessorCacheSize="512"
	NumberOfLogicalCPU="6"
	NumberOfPhysicalCPU="1"
	TotalVirtualMemory="974"
	TotalPhysicalMemory="9371"
	LogicalProcessorsPerPhysical="6"
	ProcessorClockFrequency="3293.81"
	>
	<Testing>
		<StartDateTime>Sep 28 13:40 CST</StartDateTime>
		<StartTestTime>1727502054</StartTestTime>
		<TestList/>
		<EndDateTime>Sep 28 13:40 CST</EndDateTime>
		<EndTestTime>1727502054</EndTestTime>
		<ElapsedMinutes>0</ElapsedMinutes>
	</Testing>
</Site>
